Added Component: Designator=A1(Arduino Nano_JUMP)
Add component. Clean all parameters for all variants
Added Component: Designator=C1(JP5-C1T)
Add component. Clean all parameters for all variants
Add component (AddParameter): Name = "ComponentLink1 Description"; Value = "Manufacturer"; VariantName = "[No Variations]"
Add component (AddParameter): Name = "ComponentLink1URL"; Value = "http://www.we-online.com"; VariantName = "[No Variations]"
Add component (AddParameter): Name = "ComponentLink2 Description"; Value = "Datasheet"; VariantName = "[No Variations]"
Add component (AddParameter): Name = "ComponentLink2URL"; Value = "http://katalog.we-online.de/em/datasheet/6130xx143121.pdf"; VariantName = "[No Variations]"
Add component (AddParameter): Name = "Created by"; Value = "Karrer Zheng"; VariantName = "[No Variations]"
Add component (AddParameter): Name = "Created Date"; Value = "29 March 2013"; VariantName = "[No Variations]"
Add component (AddParameter): Name = "Manufacturer"; Value = "W¨¹rth Elektronik eiSos GmbH"; VariantName = "[No Variations]"
Add component (AddParameter): Name = "NoPins"; Value = "05"; VariantName = "[No Variations]"
Add component (AddParameter): Name = "partNo"; Value = "613005143121"; VariantName = "[No Variations]"
Added Component: Designator=C2(CP1.5/3.4)
Add component. Clean all parameters for all variants
Add component (AddParameter): Name = "Description 1"; Value = "2200uF-3300uF/6,3V - 1000uF-2200uF/10V"; VariantName = "[No Variations]"
Add component (AddParameter): Name = "Description 2"; Value = "1000uF/16V - 470uF => 1000uF/25V - 100uF/100V"; VariantName = "[No Variations]"
Add component (AddParameter): Name = "Description 3"; Value = "330uF>470uF/35V_220uF>470uF/50V_10uF>22uF/250V"; VariantName = "[No Variations]"
Add component (AddParameter): Name = "Description 4"; Value = "220uF => 330uF/63V - 10uF =>33uF/160 - 200V"; VariantName = "[No Variations]"
Add component (AddParameter): Name = "Description 5"; Value = "4,7uF>10uF/250V_3,3uF>10uF/400V - 2,2uF>4,7uF/450V"; VariantName = "[No Variations]"
Add component (AddParameter): Name = "Value"; Value = "1000uF/16V"; VariantName = "[No Variations]"
Added Component: Designator=D1(DIO-SMD-106)
Add component. Clean all parameters for all variants
Added Component: Designator=D2(DIO-SMD-106)
Add component. Clean all parameters for all variants
Added Component: Designator=D3(DIO-SMD-106)
Add component. Clean all parameters for all variants
Added Component: Designator=J1(KF2-3.5)
Add component. Clean all parameters for all variants
Add component (AddParameter): Name = "ComponentLink1 Description"; Value = "Manufacturer"; VariantName = "[No Variations]"
Add component (AddParameter): Name = "ComponentLink1URL"; Value = "http://www.we-online.com"; VariantName = "[No Variations]"
Add component (AddParameter): Name = "ComponentLink2 Description"; Value = "Datasheet"; VariantName = "[No Variations]"
Add component (AddParameter): Name = "ComponentLink2URL"; Value = "http://katalog.we-online.de/em/datasheet/6911031100xx.pdf"; VariantName = "[No Variations]"
Add component (AddParameter): Name = "Created by"; Value = "Karrer Zheng"; VariantName = "[No Variations]"
Add component (AddParameter): Name = "Created Date"; Value = "29 October 2013"; VariantName = "[No Variations]"
Add component (AddParameter): Name = "Manufacturer"; Value = "Würth Elektronik eiSos GmbH"; VariantName = "[No Variations]"
Add component (AddParameter): Name = "NoPins"; Value = "2"; VariantName = "[No Variations]"
Add component (AddParameter): Name = "partNo"; Value = "691103110002"; VariantName = "[No Variations]"
Added Component: Designator=J2(KF3-5.08)
Add component. Clean all parameters for all variants
Add component (AddParameter): Name = "ComponentLink1 Description"; Value = "Manufacturer"; VariantName = "[No Variations]"
Add component (AddParameter): Name = "ComponentLink1URL"; Value = "http://www.we-online.com"; VariantName = "[No Variations]"
Add component (AddParameter): Name = "ComponentLink2 Description"; Value = "Datasheet"; VariantName = "[No Variations]"
Add component (AddParameter): Name = "ComponentLink2URL"; Value = "http://katalog.we-online.de/em/datasheet/6911031100xx.pdf"; VariantName = "[No Variations]"
Add component (AddParameter): Name = "Created by"; Value = "Karrer Zheng"; VariantName = "[No Variations]"
Add component (AddParameter): Name = "Created Date"; Value = "29 October 2013"; VariantName = "[No Variations]"
Add component (AddParameter): Name = "Manufacturer"; Value = "Würth Elektronik eiSos GmbH"; VariantName = "[No Variations]"
Add component (AddParameter): Name = "NoPins"; Value = "3"; VariantName = "[No Variations]"
Add component (AddParameter): Name = "partNo"; Value = "691103110003"; VariantName = "[No Variations]"
Added Component: Designator=J3(KF3-5.08)
Add component. Clean all parameters for all variants
Add component (AddParameter): Name = "ComponentLink1 Description"; Value = "Manufacturer"; VariantName = "[No Variations]"
Add component (AddParameter): Name = "ComponentLink1URL"; Value = "http://www.we-online.com"; VariantName = "[No Variations]"
Add component (AddParameter): Name = "ComponentLink2 Description"; Value = "Datasheet"; VariantName = "[No Variations]"
Add component (AddParameter): Name = "ComponentLink2URL"; Value = "http://katalog.we-online.de/em/datasheet/6911031100xx.pdf"; VariantName = "[No Variations]"
Add component (AddParameter): Name = "Created by"; Value = "Karrer Zheng"; VariantName = "[No Variations]"
Add component (AddParameter): Name = "Created Date"; Value = "29 October 2013"; VariantName = "[No Variations]"
Add component (AddParameter): Name = "Manufacturer"; Value = "Würth Elektronik eiSos GmbH"; VariantName = "[No Variations]"
Add component (AddParameter): Name = "NoPins"; Value = "3"; VariantName = "[No Variations]"
Add component (AddParameter): Name = "partNo"; Value = "691103110003"; VariantName = "[No Variations]"
Added Component: Designator=M1(5V 700mA 3.5W AC DC)
Add component. Clean all parameters for all variants
Added Component: Designator=Q1(TO92-123)
Add component. Clean all parameters for all variants
Add component (AddParameter): Name = ""; Value = "C2383"; VariantName = "[No Variations]"
Add component (AddParameter): Name = "Value"; Value = "C1815"; VariantName = "[No Variations]"
Added Component: Designator=Q2(TO92-123)
Add component. Clean all parameters for all variants
Add component (AddParameter): Name = ""; Value = "C2383"; VariantName = "[No Variations]"
Add component (AddParameter): Name = "Value"; Value = "C1815"; VariantName = "[No Variations]"
Added Component: Designator=R1(RES-1/4W)
Add component. Clean all parameters for all variants
Added Component: Designator=R2(RES-1/4W)
Add component. Clean all parameters for all variants
Added Component: Designator=R3(RES-1/4W)
Add component. Clean all parameters for all variants
Added Component: Designator=R4(RES-1/4W)
Add component. Clean all parameters for all variants
Added Component: Designator=R5(RES-1/4W)
Add component. Clean all parameters for all variants
Added Component: Designator=RL1(RL_SPDT_10A)
Add component. Clean all parameters for all variants
Add component (AddParameter): Name = ""; Value = "Relay SPDT, 10A, 24V"; VariantName = "[No Variations]"
Add component (AddParameter): Name = "Value"; Value = "Relay SPDT, 10A, 12V"; VariantName = "[No Variations]"
Added Component: Designator=SP1(SPK)
Add component. Clean all parameters for all variants
Add component (AddParameter): Name = "Value"; Value = "Speaker Chip"; VariantName = "[No Variations]"
Added Pin To Net: NetName=GND Pin=A1-3
Added Pin To Net: NetName=NetA1_13 Pin=A1-13
Added Pin To Net: NetName=NetA1_14 Pin=A1-14
Added Pin To Net: NetName=NetA1_15 Pin=A1-15
Added Pin To Net: NetName=ADO Pin=A1-21
Added Pin To Net: NetName=SDA Pin=A1-22
Added Pin To Net: NetName=SCL Pin=A1-23
Added Pin To Net: NetName=VCC Pin=A1-26
Added Pin To Net: NetName=GND Pin=A1-28
Added Pin To Net: NetName=GND Pin=C1-1
Added Pin To Net: NetName=ADO Pin=C1-2
Added Pin To Net: NetName=SDA Pin=C1-3
Added Pin To Net: NetName=SCL Pin=C1-4
Added Pin To Net: NetName=VCC Pin=C1-5
Added Pin To Net: NetName=VCC Pin=C2-1
Added Pin To Net: NetName=GND Pin=C2-2
Added Pin To Net: NetName=NetD1_1 Pin=D1-1
Added Pin To Net: NetName=VCC Pin=D1-2
Added Pin To Net: NetName=NetD2_1 Pin=D2-1
Added Pin To Net: NetName=VCC Pin=D2-2
Added Pin To Net: NetName=NetD3_1 Pin=D3-1
Added Pin To Net: NetName=NetD3_2 Pin=D3-2
Added Pin To Net: NetName=NetJ1_1 Pin=J1-1
Added Pin To Net: NetName=NetJ1_2 Pin=J1-2
Added Pin To Net: NetName=NetJ2_1 Pin=J2-1
Added Pin To Net: NetName=NetJ2_2 Pin=J2-2
Added Pin To Net: NetName=NetJ2_3 Pin=J2-3
Added Pin To Net: NetName=VCC Pin=J3-1
Added Pin To Net: NetName=NetA1_13 Pin=J3-2
Added Pin To Net: NetName=GND Pin=J3-3
Added Pin To Net: NetName=NetJ1_2 Pin=M1-1
Added Pin To Net: NetName=NetJ1_1 Pin=M1-2
Added Pin To Net: NetName=VCC Pin=M1-3
Added Pin To Net: NetName=GND Pin=M1-4
Added Pin To Net: NetName=GND Pin=Q1-1
Added Pin To Net: NetName=NetQ1_2 Pin=Q1-2
Added Pin To Net: NetName=NetD2_1 Pin=Q1-3
Added Pin To Net: NetName=GND Pin=Q2-1
Added Pin To Net: NetName=NetD3_2 Pin=Q2-2
Added Pin To Net: NetName=NetD1_1 Pin=Q2-3
Added Pin To Net: NetName=SCL Pin=R1-1
Added Pin To Net: NetName=VCC Pin=R1-2
Added Pin To Net: NetName=SDA Pin=R2-1
Added Pin To Net: NetName=VCC Pin=R2-2
Added Pin To Net: NetName=NetD1_1 Pin=R3-1
Added Pin To Net: NetName=VCC Pin=R3-2
Added Pin To Net: NetName=NetQ1_2 Pin=R4-1
Added Pin To Net: NetName=NetA1_15 Pin=R4-2
Added Pin To Net: NetName=NetD3_1 Pin=R5-1
Added Pin To Net: NetName=NetA1_14 Pin=R5-2
Added Pin To Net: NetName=NetJ2_2 Pin=RL1-1
Added Pin To Net: NetName=NetJ2_1 Pin=RL1-2
Added Pin To Net: NetName=NetJ2_3 Pin=RL1-3
Added Pin To Net: NetName=NetD1_1 Pin=RL1-4
Added Pin To Net: NetName=VCC Pin=RL1-5
Added Pin To Net: NetName=VCC Pin=SP1-1
Added Pin To Net: NetName=NetD2_1 Pin=SP1-2
Added Member To Class: ClassName=DenHoc_Arduino Member=Component A1 Arduino Nano
Added Member To Class: ClassName=DenHoc_Arduino Member=Component C1 JP5
Added Member To Class: ClassName=DenHoc_Arduino Member=Component C2 1000uF/16V
Added Member To Class: ClassName=DenHoc_Arduino Member=Component D1 Diode
Added Member To Class: ClassName=DenHoc_Arduino Member=Component D2 Diode
Added Member To Class: ClassName=DenHoc_Arduino Member=Component D3 Diode
Added Member To Class: ClassName=DenHoc_Arduino Member=Component J1 KF2
Added Member To Class: ClassName=DenHoc_Arduino Member=Component J2 KF3
Added Member To Class: ClassName=DenHoc_Arduino Member=Component J3 Cam Bien Khoang Cach
Added Member To Class: ClassName=DenHoc_Arduino Member=Component M1 220-5VDC
Added Member To Class: ClassName=DenHoc_Arduino Member=Component Q1 2N3904
Added Member To Class: ClassName=DenHoc_Arduino Member=Component Q2 2N3904
Added Member To Class: ClassName=DenHoc_Arduino Member=Component R1 10k
Added Member To Class: ClassName=DenHoc_Arduino Member=Component R2 10k
Added Member To Class: ClassName=DenHoc_Arduino Member=Component R3 10k
Added Member To Class: ClassName=DenHoc_Arduino Member=Component R4 1k
Added Member To Class: ClassName=DenHoc_Arduino Member=Component R5 10k
Added Member To Class: ClassName=DenHoc_Arduino Member=Component RL1 Relay 10A/12V
Added Member To Class: ClassName=DenHoc_Arduino Member=Component SP1 Speaker
Added Room: Name=DenHoc_Arduino
